=~=~=~=~=~=~=~=~=~=~=~= PuTTY log 2019.05.10 00:15:09 =~=~=~=~=~=~=~=~=~=~=~=
1 -16365 -17860 -17308 -17159
2 -19121 -17692 -17743 -17249
3 -21034 -17884 -20077 -17568
4 -16373 -18020 -18703 -18220
5 -15188 -17722 -15780 -18858
6 -14881 -17160 -15034 -18105
7 -15641 -17039 -15261 -16476
8 -17425 -16757 -16533 -15529
9 -16200 -15951 -16812 -15608
10 -13020 -15392 -14610 -16125
11 -5940 -13851 -9480 -15777
12 -3888 -12019 -4914 -13531
13 -10780 -11208 -7334 -9882
14 -15192 -10836 -12986 -7446
15 -17049 -10978 -16120 -8648
16 -23036 -12647 -20042 -12357
17 -24153 -15683 -23594 -16230
18 -27480 -19615 -25816 -19890
19 -21788 -21449 -24634 -22951
20 -22211 -22619 -21999 -24533
21 -21442 -23351 -21826 -24099
22 -20329 -22900 -20885 -22703
23 -16336 -21597 -18332 -21614
24 -10104 -18701 -13220 -20171
25 -5587 -16001 -7845 -17379
26 -4132 -12988 -4859 -13123
27 -10553 -11173 -7342 -8917
28 -9089 -9300 -9821 -6810
29 -11633 -8516 -10361 -7527
30 -14857 -9308 -13245 -9297
31 -13070 -10555 -13963 -10926
32 -17616 -12803 -15343 -12680
33 -18105 -14061 -17860 -14129
34 -20965 -16041 -19535 -15713
35 -19977 -17431 -20471 -17600
36 -24304 -19006 -22140 -19282
37 -22193 -20526 -23248 -20647
38 -20888 -21072 -21540 -21843
39 -20739 -21511 -20813 -22330
40 -22234 -21722 -21486 -21793
41 -21176 -21922 -21705 -21308
42 -15713 -20490 -18444 -21225
43 -11536 -18714 -13624 -20437
44 -12856 -17375 -12196 -17919
45 -6147 -14943 -9501 -14607
46 -7268 -12449 -6707 -11947
47 -7673 -10198 -7470 -9589
48 -7202 -8780 -7437 -7847
49 -13157 -9050 -10179 -7539
50 -14588 -9339 -13872 -8371
51 -19065 -11492 -16826 -10604
52 -14506 -12698 -16785 -13517
53 -22672 -15198 -18589 -15885
54 -24241 -18038 -23456 -17404
55 -23768 -19806 -24004 -19481
56 -23353 -21267 -23560 -22124
57 -21224 -21627 -22288 -23401
58 -20337 -22599 -20780 -23219
59 -16876 -21633 -18606 -22130
60 -17853 -20568 -17364 -20594
61 -15961 -19267 -16907 -18923
62 -12991 -17540 -14476 -17571
63 -11840 -15976 -12415 -16309
64 -10387 -14318 -11113 -14535
65 -7887 -12819 -9137 -12652
66 -7593 -11109 -7740 -10958
67 -11354 -10342 -9473 -9460
68 -13044 -10350 -12199 -8867
69 -11895 -10360 -12469 -9840
70 -16096 -11311 -13995 -11498
71 -18024 -13001 -17060 -12840
72 -15600 -14335 -16812 -14400
73 -22849 -16251 -19224 -16175
74 -18851 -17219 -20850 -17483
75 -23981 -19233 -21416 -19046
76 -23732 -20506 -23856 -20553
77 -21953 -21161 -22842 -21803
78 -19627 -21832 -20790 -22747
79 -21201 -21557 -20414 -22401
80 -16184 -21113 -18692 -21223
81 -14121 -19469 -15152 -19957
82 -16129 -18202 -15125 -18199
83 -10634 -16316 -13381 -16138
84 -8149 -14403 -9391 -14619
85 -8305 -12253 -8227 -12690
86 -6215 -10592 -7260 -10226
87 -10370 -9967 -8292 -8547
88 -12765 -9406 -11567 -8056
89 -11098 -9483 -11931 -8992
90 -18913 -11277 -15005 -10857
91 -17755 -12852 -18334 -12695
92 -22721 -15603 -20238 -15158
93 -24068 -17886 -23394 -17938
94 -22945 -19583 -23506 -20420
95 -18571 -20828 -20758 -22293
96 -19788 -20974 -19179 -22452
97 -18091 -21030 -18939 -21068
98 -20173 -20606 -19132 -19710
99 -19404 -19828 -19788 -19179
100 -16866 -18815 -18135 -19187
1 -19872 -17820 -19856 -17699
2 -20848 -18577 -20360 -18770
3 -19208 -19183 -20028 -19637
4 -19326 -19496 -19267 -20032
5 -9425 -18086 -14375 -19622
6 -11560 -16706 -10492 -17918
7 -9135 -14917 -10347 -14691
8 -9616 -13045 -9375 -11749
9 -7234 -11049 -8425 -10269
10 -10721 -9615 -8977 -9418
11 -14074 -10390 -12397 -9079
12 -16011 -11131 -15042 -9973
13 -17296 -12492 -16653 -12235
14 -19756 -14182 -18526 -14670
15 -22800 -16776 -21278 -16732
16 -23729 -18944 -23264 -18792
17 -23273 -20477 -23501 -20976
18 -19997 -21141 -21635 -22528
19 -19496 -21508 -19746 -22705
20 -18092 -21231 -18794 -21565
21 -18556 -20523 -18324 -20083
22 -14538 -18992 -16547 -18935
23 -11658 -17056 -13098 -17824
24 -14113 -16075 -12885 -16090
25 -8165 -14187 -11139 -14009
26 -9318 -12724 -8741 -12509
27 -9709 -11250 -9513 -11008
28 -10624 -10597 -10166 -9758
29 -13438 -10894 -12031 -9705
30 -15397 -11108 -14417 -10592
31 -13715 -12033 -14556 -12150
32 -21361 -14040 -17538 -13844
33 -18900 -15572 -20130 -15365
34 -22496 -17551 -20698 -17451
35 -22048 -18986 -22272 -19487
36 -22961 -20246 -22504 -20856
37 -20043 -21301 -21502 -21812
38 -18873 -20886 -19458 -21966
39 -17289 -20618 -18081 -21124
40 -17889 -19850 -17589 -19672
41 -15876 -18821 -16882 -18400
42 -15184 -17525 -15530 -17530
43 -10831 -15990 -13007 -16593
44 -8726 -14299 -9778 -15068
45 -11398 -13317 -10062 -12895
46 -7833 -11641 -9615 -10875
47 -11340 -10885 -9586 -10025
48 -13450 -10596 -12395 -9866
49 -14109 -11142 -13779 -10480
50 -16360 -12415 -15234 -12073
51 -17384 -13412 -16872 -13737
52 -18849 -15248 -18116 -15278
53 -23973 -17354 -21411 -16858
54 -23545 -19036 -23759 -18730
55 -23812 -20653 -23678 -21075
56 -19297 -21143 -21554 -22790
57 -19136 -21435 -19216 -22856
58 -16777 -21090 -17956 -21432
59 -17250 -19969 -17013 -19581
60 -11576 -17974 -14413 -18031
61 -13409 -16240 -12492 -16512
62 -9901 -14674 -11655 -14609
63 -11952 -13477 -10926 -12895
64 -8273 -12060 -10112 -11744
65 -11304 -11069 -9788 -10929
66 -13377 -11369 -12340 -10423
67 -16288 -11849 -14832 -10771
68 -16033 -12871 -16160 -12410
69 -20131 -14234 -18082 -14472
70 -18420 -15925 -19275 -16258
71 -21777 -17671 -20098 -17850
72 -20896 -18924 -21336 -19135
73 -23176 -20072 -22036 -20189
74 -22056 -21076 -22616 -21172
75 -20009 -21055 -21032 -21853
76 -15717 -20605 -17863 -21803
77 -15193 -19507 -15455 -20429
78 -11844 -17999 -13518 -18058
79 -11985 -16134 -11914 -15670
80 -9332 -14013 -10658 -13672
81 -10775 -12474 -10053 -12082
82 -8360 -11248 -9567 -10900
83 -11799 -10682 -10079 -10180
84 -13446 -10949 -12622 -10014
85 -15364 -11512 -14405 -10769
86 -13907 -12275 -14635 -12393
87 -21864 -14123 -17885 -14006
88 -20885 -16210 -21374 -15574
89 -25360 -18471 -23122 -18032
90 -21361 -19790 -23360 -20726
91 -21257 -20772 -21309 -22405
92 -19768 -21749 -20512 -22582
93 -19024 -21275 -19396 -21590
94 -18209 -20829 -18616 -20489
95 -14926 -19090 -16567 -19424
96 -15440 -18104 -15183 -18245
97 -11213 -16430 -13326 -16697
98 -9078 -14648 -10145 -14990
99 -9732 -13099 -9405 -12988
100 -9624 -11668 -9678 -10943
                                                                                           